Determining if the pthread_create exist failed with the following output:
Change Dir: /media/hu/new/UbuntuCode/Ros/temp_ws/build_isolated/topic_demo/CMakeFiles/CMakeTmp

Run Build Command:"/usr/bin/make" "cmTC_3542d/fast"
/usr/bin/make -f CMakeFiles/cmTC_3542d.dir/build.make CMakeFiles/cmTC_3542d.dir/build
make[1]: 进入目录“/media/hu/new/UbuntuCode/Ros/temp_ws/build_isolated/topic_demo/CMakeFiles/CMakeTmp”
Building C object CMakeFiles/cmTC_3542d.dir/CheckSymbolExists.c.o
/usr/bin/cc    -o CMakeFiles/cmTC_3542d.dir/CheckSymbolExists.c.o   -c /media/hu/new/UbuntuCode/Ros/temp_ws/build_isolated/topic_demo/CMakeFiles/CMakeTmp/CheckSymbolExists.c
Linking C executable cmTC_3542d
/usr/local/bin/cmake -E cmake_link_script CMakeFiles/cmTC_3542d.dir/link.txt --verbose=1
/usr/bin/cc      -rdynamic CMakeFiles/cmTC_3542d.dir/CheckSymbolExists.c.o  -o cmTC_3542d 
CMakeFiles/cmTC_3542d.dir/CheckSymbolExists.c.o：在函数‘main’中：
CheckSymbolExists.c:(.text+0x1b)：对‘pthread_create’未定义的引用
collect2: error: ld returned 1 exit status
CMakeFiles/cmTC_3542d.dir/build.make:86: recipe for target 'cmTC_3542d' failed
make[1]: *** [cmTC_3542d] Error 1
make[1]: 离开目录“/media/hu/new/UbuntuCode/Ros/temp_ws/build_isolated/topic_demo/CMakeFiles/CMakeTmp”
Makefile:121: recipe for target 'cmTC_3542d/fast' failed
make: *** [cmTC_3542d/fast] Error 2

File /media/hu/new/UbuntuCode/Ros/temp_ws/build_isolated/topic_demo/CMakeFiles/CMakeTmp/CheckSymbolExists.c:
/* */
#include <pthread.h>

int main(int argc, char** argv)
{
  (void)argv;
#ifndef pthread_create
  return ((int*)(&pthread_create))[argc];
#else
  (void)argc;
  return 0;
#endif
}

Determining if the function pthread_create exists in the pthreads failed with the following output:
Change Dir: /media/hu/new/UbuntuCode/Ros/temp_ws/build_isolated/topic_demo/CMakeFiles/CMakeTmp

Run Build Command:"/usr/bin/make" "cmTC_c0f72/fast"
/usr/bin/make -f CMakeFiles/cmTC_c0f72.dir/build.make CMakeFiles/cmTC_c0f72.dir/build
make[1]: 进入目录“/media/hu/new/UbuntuCode/Ros/temp_ws/build_isolated/topic_demo/CMakeFiles/CMakeTmp”
Building C object CMakeFiles/cmTC_c0f72.dir/CheckFunctionExists.c.o
/usr/bin/cc   -DCHECK_FUNCTION_EXISTS=pthread_create   -o CMakeFiles/cmTC_c0f72.dir/CheckFunctionExists.c.o   -c /usr/local/share/cmake-3.12/Modules/CheckFunctionExists.c
Linking C executable cmTC_c0f72
/usr/local/bin/cmake -E cmake_link_script CMakeFiles/cmTC_c0f72.dir/link.txt --verbose=1
/usr/bin/cc  -DCHECK_FUNCTION_EXISTS=pthread_create    -rdynamic CMakeFiles/cmTC_c0f72.dir/CheckFunctionExists.c.o  -o cmTC_c0f72 -lpthreads 
/usr/bin/ld: 找不到 -lpthreads
collect2: error: ld returned 1 exit status
CMakeFiles/cmTC_c0f72.dir/build.make:86: recipe for target 'cmTC_c0f72' failed
make[1]: *** [cmTC_c0f72] Error 1
make[1]: 离开目录“/media/hu/new/UbuntuCode/Ros/temp_ws/build_isolated/topic_demo/CMakeFiles/CMakeTmp”
Makefile:121: recipe for target 'cmTC_c0f72/fast' failed
make: *** [cmTC_c0f72/fast] Error 2


