Determining if the pthread_create exist failed with the following output:
Change Dir: /media/hu/new/UbuntuCode/Ros/temp_ws/build/CMakeFiles/CMakeTmp

Run Build Command:"/usr/bin/make" "cmTC_7386e/fast"
/usr/bin/make -f CMakeFiles/cmTC_7386e.dir/build.make CMakeFiles/cmTC_7386e.dir/build
make[1]: 进入目录“/media/hu/new/UbuntuCode/Ros/temp_ws/build/CMakeFiles/CMakeTmp”
Building C object CMakeFiles/cmTC_7386e.dir/CheckSymbolExists.c.o
/usr/bin/cc    -o CMakeFiles/cmTC_7386e.dir/CheckSymbolExists.c.o   -c /media/hu/new/UbuntuCode/Ros/temp_ws/build/CMakeFiles/CMakeTmp/CheckSymbolExists.c
Linking C executable cmTC_7386e
/usr/local/bin/cmake -E cmake_link_script CMakeFiles/cmTC_7386e.dir/link.txt --verbose=1
/usr/bin/cc      -rdynamic CMakeFiles/cmTC_7386e.dir/CheckSymbolExists.c.o  -o cmTC_7386e 
CMakeFiles/cmTC_7386e.dir/CheckSymbolExists.c.o：在函数‘main’中：
CheckSymbolExists.c:(.text+0x1b)：对‘pthread_create’未定义的引用
collect2: error: ld returned 1 exit status
CMakeFiles/cmTC_7386e.dir/build.make:86: recipe for target 'cmTC_7386e' failed
make[1]: *** [cmTC_7386e] Error 1
make[1]: 离开目录“/media/hu/new/UbuntuCode/Ros/temp_ws/build/CMakeFiles/CMakeTmp”
Makefile:121: recipe for target 'cmTC_7386e/fast' failed
make: *** [cmTC_7386e/fast] Error 2

File /media/hu/new/UbuntuCode/Ros/temp_ws/build/CMakeFiles/CMakeTmp/CheckSymbolExists.c:
/* */
#include <pthread.h>

int main(int argc, char** argv)
{
  (void)argv;
#ifndef pthread_create
  return ((int*)(&pthread_create))[argc];
#else
  (void)argc;
  return 0;
#endif
}

Determining if the function pthread_create exists in the pthreads failed with the following output:
Change Dir: /media/hu/new/UbuntuCode/Ros/temp_ws/build/CMakeFiles/CMakeTmp

Run Build Command:"/usr/bin/make" "cmTC_4fc2a/fast"
/usr/bin/make -f CMakeFiles/cmTC_4fc2a.dir/build.make CMakeFiles/cmTC_4fc2a.dir/build
make[1]: 进入目录“/media/hu/new/UbuntuCode/Ros/temp_ws/build/CMakeFiles/CMakeTmp”
Building C object CMakeFiles/cmTC_4fc2a.dir/CheckFunctionExists.c.o
/usr/bin/cc   -DCHECK_FUNCTION_EXISTS=pthread_create   -o CMakeFiles/cmTC_4fc2a.dir/CheckFunctionExists.c.o   -c /usr/local/share/cmake-3.12/Modules/CheckFunctionExists.c
Linking C executable cmTC_4fc2a
/usr/local/bin/cmake -E cmake_link_script CMakeFiles/cmTC_4fc2a.dir/link.txt --verbose=1
/usr/bin/cc  -DCHECK_FUNCTION_EXISTS=pthread_create    -rdynamic CMakeFiles/cmTC_4fc2a.dir/CheckFunctionExists.c.o  -o cmTC_4fc2a -lpthreads 
/usr/bin/ld: 找不到 -lpthreads
collect2: error: ld returned 1 exit status
CMakeFiles/cmTC_4fc2a.dir/build.make:86: recipe for target 'cmTC_4fc2a' failed
make[1]: *** [cmTC_4fc2a] Error 1
make[1]: 离开目录“/media/hu/new/UbuntuCode/Ros/temp_ws/build/CMakeFiles/CMakeTmp”
Makefile:121: recipe for target 'cmTC_4fc2a/fast' failed
make: *** [cmTC_4fc2a/fast] Error 2


